12/01/14 11:42:04 AM ==> The .NET Runtime = 4.0.30319.34014
12/01/14 11:42:04 AM ==> The .NET Framework version = 4.5.51641
12/01/14 11:45:55 AM ==> The .NET Runtime = 4.0.30319.34014
12/01/14 11:45:55 AM ==> The .NET Framework version = 4.5.51641
12/01/14 11:50:00 AM ==> The .NET Runtime = 4.0.30319.34014
12/01/14 11:50:00 AM ==> The .NET Framework version = 4.5.51641
12/01/14 11:51:38 AM ==> The .NET Runtime = 4.0.30319.34014
12/01/14 11:51:38 AM ==> The .NET Framework version = 4.5.51641
12/01/14 11:51:55 AM ==> The .NET Runtime = 4.0.30319.34014
12/01/14 11:51:55 AM ==> .NET Framework version 4.5.51641
12/01/14 11:54:21 AM ==> The .NET Runtime = 4.0.30319.34014
12/01/14 11:54:21 AM ==> Error:Object reference not set to an instance of an object.
12/01/14 11:54:21 AM ==> Stack Trace:    at NetMailSample.Common.DotNetVersion.GetPreV45FromRegistry() in c:\Users\brandes\Source\Workspaces\netmailsender\NetMailSample\NetMailSample\Common\DotNetVersion.cs:line 92
   at NetMailSample.Common.DotNetVersion.GetDotNetVerFromRegistry() in c:\Users\brandes\Source\Workspaces\netmailsender\NetMailSample\NetMailSample\Common\DotNetVersion.cs:line 16
   at NetMailSample.frmMain.CheckDotNetVersion() in c:\Users\brandes\Source\Workspaces\netmailsender\NetMailSample\NetMailSample\Forms\frmMain.cs:line 67
12/01/14 11:55:08 AM ==> The .NET Runtime = 4.0.30319.34014
12/01/14 11:55:54 AM ==> Error:Object reference not set to an instance of an object.
12/01/14 11:55:54 AM ==> Stack Trace:    at NetMailSample.Common.DotNetVersion.GetPreV45FromRegistry() in c:\Users\brandes\Source\Workspaces\netmailsender\NetMailSample\NetMailSample\Common\DotNetVersion.cs:line 92
   at NetMailSample.Common.DotNetVersion.GetDotNetVerFromRegistry() in c:\Users\brandes\Source\Workspaces\netmailsender\NetMailSample\NetMailSample\Common\DotNetVersion.cs:line 16
   at NetMailSample.frmMain.CheckDotNetVersion() in c:\Users\brandes\Source\Workspaces\netmailsender\NetMailSample\NetMailSample\Forms\frmMain.cs:line 67
12/01/14 11:55:59 AM ==> The .NET Runtime = 4.0.30319.34014
12/01/14 11:58:01 AM ==> The .NET Runtime = 4.0.30319.34014
12/01/14 11:58:12 AM ==> The .NET Framework version = 4.5.51641
12/01/14 11:58:32 AM ==> The .NET Runtime = 4.0.30319.34014
12/01/14 12:03:15 PM ==> The .NET Runtime = 4.0.30319.34014
12/01/14 12:03:15 PM ==> The .NET Framework version = 4.5.51641
12/01/14 12:03:19 PM ==> v2.0.50727  2.0.50727.4927  SP2
v3.0  3.0.30729.4926  SP2
v3.5  3.5.30729.4926  SP1
v4  
  Client  4.5.51641
  Full  4.5.51641
v4.0  
  Client  4.0.0.0

12/01/14 12:07:52 PM ==> The .NET Runtime = 4.0.30319.34014
12/01/14 12:07:52 PM ==> The .NET Framework version = 4.5.51641
12/01/14 12:08:49 PM ==> The .NET Runtime = 4.0.30319.34014
12/01/14 12:08:49 PM ==> The .NET Framework version = 4.5.51641
12/01/14 1:14:13 PM ==> The .NET Runtime = 4.0.30319.34014
12/01/14 1:14:13 PM ==> The .NET Framework version = 4.5.51641
12/01/14 1:15:06 PM ==> The .NET Runtime = 4.0.30319.34014
12/01/14 1:15:06 PM ==> The .NET Framework version = 4.5.51641
12/01/14 1:16:51 PM ==> The .NET Runtime = 4.0.30319.34014
12/01/14 1:16:51 PM ==> The .NET Framework version = 4.5.51641
12/01/14 1:18:05 PM ==> The .NET Runtime = 4.0.30319.34014
12/01/14 1:18:05 PM ==> The .NET Framework version = 4.5.51641
12/03/14 9:15:28 AM ==> The .NET Runtime = 4.0.30319.34014
12/03/14 9:15:28 AM ==> The .NET Framework version = 4.5.51641
12/03/14 9:19:08 AM ==> The .NET Runtime = 4.0.30319.34014
12/03/14 9:19:08 AM ==> The .NET Framework version = 4.5.51641
12/26/14 1:36:58 PM ==> The .NET Runtime = 4.0.30319.34014
12/26/14 1:36:58 PM ==> The .NET Framework version = 4.5.51641
12/29/14 1:26:32 PM ==> The .NET Runtime = 4.0.30319.34014
12/29/14 1:26:32 PM ==> The .NET Framework version = 4.5.51641
